2024-07-14 11:49:34 INFO  c.a.auth.AuthTokenServiceApplication - Starting AuthTokenServiceApplication using Java 21.0.2 with PID 22364 (C:\Users\Francisco\Desktop\u\RepositoriosGit\Arquitectura_ProyectoP2\AuthTokenService\target\classes started by Francisco in C:\Users\Francisco\Desktop\u\RepositoriosGit\Arquitectura_ProyectoP2\AuthTokenService)
2024-07-14 11:49:34 INFO  c.a.auth.AuthTokenServiceApplication - No active profile set, falling back to 1 default profile: "default"
2024-07-14 11:49:34 INFO  o.s.b.d.e.DevToolsPropertyDefaultsPostProcessor - Devtools property defaults active! Set 'spring.devtools.add-properties' to 'false' to disable
2024-07-14 11:49:34 INFO  o.s.b.d.e.DevToolsPropertyDefaultsPostProcessor - For additional web related logging consider setting the 'logging.level.web' property to 'DEBUG'
2024-07-14 11:49:35 INFO  o.s.d.r.c.RepositoryConfigurationDelegate - Bootstrapping Spring Data JPA repositories in DEFAULT mode.
2024-07-14 11:49:35 INFO  o.s.d.r.c.RepositoryConfigurationDelegate - Finished Spring Data repository scanning in 88 ms. Found 2 JPA repository interfaces.
2024-07-14 11:49:36 INFO  o.s.b.w.e.tomcat.TomcatWebServer - Tomcat initialized with port 443 (http)
2024-07-14 11:49:36 INFO  o.a.catalina.core.StandardService - Starting service [Tomcat]
2024-07-14 11:49:36 INFO  o.a.catalina.core.StandardEngine - Starting Servlet engine: [Apache Tomcat/10.1.25]
2024-07-14 11:49:36 INFO  o.a.c.c.C.[Tomcat].[localhost].[/] - Initializing Spring embedded WebApplicationContext
2024-07-14 11:49:36 INFO  o.s.b.w.s.c.ServletWebServerApplicationContext - Root WebApplicationContext: initialization completed in 2229 ms
2024-07-14 11:49:36 INFO  o.h.jpa.internal.util.LogHelper - HHH000204: Processing PersistenceUnitInfo [name: default]
2024-07-14 11:49:36 INFO  org.hibernate.Version - HHH000412: Hibernate ORM core version 6.5.2.Final
2024-07-14 11:49:36 INFO  o.h.c.i.RegionFactoryInitiator - HHH000026: Second-level cache disabled
2024-07-14 11:49:37 INFO  o.s.o.j.p.SpringPersistenceUnitInfo - No LoadTimeWeaver setup: ignoring JPA class transformer
2024-07-14 11:49:37 INFO  com.zaxxer.hikari.HikariDataSource - HikariPool-1 - Starting...
2024-07-14 11:49:37 INFO  com.zaxxer.hikari.pool.HikariPool - HikariPool-1 - Added connection com.mysql.cj.jdbc.ConnectionImpl@31479cb
2024-07-14 11:49:37 INFO  com.zaxxer.hikari.HikariDataSource - HikariPool-1 - Start completed.
2024-07-14 11:49:38 INFO  o.h.e.t.j.p.i.JtaPlatformInitiator - HHH000489: No JTA platform available (set 'hibernate.transaction.jta.platform' to enable JTA platform integration)
2024-07-14 11:49:38 INFO  o.s.o.j.LocalContainerEntityManagerFactoryBean - Initialized JPA EntityManagerFactory for persistence unit 'default'
2024-07-14 11:49:39 INFO  o.s.s.c.a.a.c.InitializeUserDetailsBeanManagerConfigurer$InitializeUserDetailsManagerConfigurer - Global AuthenticationManager configured with UserDetailsService bean with name userDetailsServiceImpl
2024-07-14 11:49:40 INFO  o.s.b.d.a.OptionalLiveReloadServer - LiveReload server is running on port 35729
2024-07-14 11:49:40 INFO  o.s.b.w.e.tomcat.TomcatWebServer - Tomcat started on port 443 (http) with context path '/'
2024-07-14 11:49:40 INFO  c.a.auth.AuthTokenServiceApplication - Started AuthTokenServiceApplication in 6.872 seconds (process running for 7.766)
2024-07-14 11:50:32 INFO  o.a.c.c.C.[Tomcat].[localhost].[/] - Initializing Spring DispatcherServlet 'dispatcherServlet'
2024-07-14 11:50:32 INFO  o.s.web.servlet.DispatcherServlet - Initializing Servlet 'dispatcherServlet'
2024-07-14 11:50:32 INFO  o.s.web.servlet.DispatcherServlet - Completed initialization in 0 ms
2024-07-14 11:50:39 INFO  c.a.a.c.f.JwtAuthenticationFilter - El usuario: stalynfran007@gmail.com inicio sesión.
2024-07-14 11:50:56 INFO  o.s.o.j.LocalContainerEntityManagerFactoryBean - Closing JPA EntityManagerFactory for persistence unit 'default'
2024-07-14 11:50:56 INFO  com.zaxxer.hikari.HikariDataSource - HikariPool-1 - Shutdown initiated...
2024-07-14 11:50:56 INFO  com.zaxxer.hikari.HikariDataSource - HikariPool-1 - Shutdown completed.
